c:\users\hp\desktop\myproject\sturec\x64\debug\vc141.pdb
c:\users\hp\desktop\myproject\sturec\x64\debug\vc141.idb
c:\users\hp\desktop\myproject\sturec\x64\debug\sturec.obj
c:\users\hp\desktop\myproject\sturec\x64\debug\source.obj
c:\users\hp\desktop\myproject\sturec\x64\debug\sturec.exe
c:\users\hp\desktop\myproject\sturec\x64\debug\sturec.ilk
c:\users\hp\desktop\myproject\sturec\x64\debug\sturec.pdb
c:\users\hp\desktop\myproject\sturec\x64\debug\sturec.res
c:\users\hp\desktop\myproject\sturec\x64\debug\sturec.lib
c:\users\hp\desktop\myproject\sturec\x64\debug\sturec.exp
c:\users\hp\desktop\myproject\sturec\x64\debug\sturec.tlog\cl.command.1.tlog
c:\users\hp\desktop\myproject\sturec\x64\debug\sturec.tlog\cl.read.1.tlog
c:\users\hp\desktop\myproject\sturec\x64\debug\sturec.tlog\cl.write.1.tlog
c:\users\hp\desktop\myproject\sturec\x64\debug\sturec.tlog\link.command.1.tlog
c:\users\hp\desktop\myproject\sturec\x64\debug\sturec.tlog\link.read.1.tlog
c:\users\hp\desktop\myproject\sturec\x64\debug\sturec.tlog\link.write.1.tlog
c:\users\hp\desktop\myproject\sturec\x64\debug\sturec.tlog\rc.command.1.tlog
c:\users\hp\desktop\myproject\sturec\x64\debug\sturec.tlog\rc.read.1.tlog
c:\users\hp\desktop\myproject\sturec\x64\debug\sturec.tlog\rc.write.1.tlog
c:\users\hp\desktop\myproject\sturec\x64\debug\sturec.tlog\sturec.write.1u.tlog
